
[2026-04-28T02:42:50.424Z] [REQUEST]
{
  "attempt": 1,
  "model": "gemi****view",
  "payload": {
    "contents": [
      {
        "parts": [
          {
            "text": "Say \"Hello System Test\""
          }
        ]
      }
    ]
  }
}
--------------------------------------------------

[2026-04-28T02:42:52.344Z] [RESPONSE]
{
  "status": 200,
  "data": {
    "candidates": [
      {
        "content": {
          "parts": [
            {
              "text": "Hello System Test",
              "thoughtSignature": "EtIB****waw8+XBH4P/kDXa****kCDf/Xkhbw/aJkA****526j/s96XojcTHCdDJiTt+SXVT****UgEb+0RTEay+iwif****ES4O+ni27****f1wW"
            }
          ],
          "role": "model"
        },
        "finishReason": "STOP",
        "index": 0
      }
    ],
    "usageMetadata": {
      "promptTokenCount": "[REDACTED]",
      "candidatesTokenCount": "[REDACTED]",
      "totalTokenCount": "[REDACTED]",
      "promptTokensDetails": "[REDACTED]",
      "thoughtsTokenCount": "[REDACTED]"
    },
    "modelVersion": "gemi****view",
    "responseId": "cB7w****r6Qo"
  }
}
--------------------------------------------------

[2026-04-28T02:58:40.575Z] [REQUEST]
{
  "attempt": 1,
  "model": "gemi****view",
  "payload": {
    "contents": [
      {
        "parts": [
          {
            "text": "[FB EXPERT] Master Affiliate & Social Media Copywriter VN.\nNhiệm vụ: Viết bài đăng Facebook chuyên gia cho sản phẩm \"Nồi chiên không dầu Magic Eco AC-162, dung tích 8L chiên nguyên con gà, 12 chế độ tự động, BH 12th\" để tối ưu tỉ lệ click và chốt đơn.\n\nCHIẾN THUẬT NỘI DUNG (MANDATORY):\n1. HOOK MẠNH: Dòng đầu tiên phải cực cháy.\n2. ĐÁNH VÀO NỖI ĐAU (PAIN POINTS).\n3. GIẢI PHÁP & LỢI ÍCH (NOT FEATURES).\n4. VĂN PHONG \"NGƯỜI THẬT\": Dùng từ ngữ đời thường, tránh robot.\n5. CẤU TRÚC DỄ ĐỌC.\n6. CTA THÔI THÚC: Kèm link affiliate https://shopee.vn/magi****tore/28975271683.\n7. HASHTAGS: 5-10 trending.\n8. COMMENT SEEDING: Tạo 3-5 bình luận ngắn kèm link affiliate https://shopee.vn/magi****tore/28975271683.\n\nOutput JSON schema:\n{\n  \"hooks\": [\"3 câu mở đầu gây tò mò nhất\"],\n  \"shortVersion\": \"Bản ngắn: Bao gồm nội dung + Hashtags\",\n  \"longVersion\": \"Bản dài: Bao gồm nội dung + Hashtags\",\n  \"commentSeedings\": [\"Bình luận 1 kèm link\", \"Bình luận 2...\", \"Bình luận 3...\"]\n}\nReturn ONLY JSON."
          }
        ]
      }
    ],
    "generationConfig": {
      "responseMimeType": "application/json"
    }
  }
}
--------------------------------------------------

[2026-04-28T02:58:56.846Z] [RESPONSE]
{
  "status": 200,
  "data": {
    "candidates": [
      {
        "content": {
          "parts": [
            {
              "text": "{\n  \"hooks\": [\n    \"Đừng mua nồi chiên không dầu nếu bạn chưa biết bí mật về con gà 2kg này!\",\n    \"Nhà 4-5 người mà dùng nồi bé tí thì chỉ có nước 'khóc thét' mỗi lần vào bếp thôi.\",\n    \"Tạm biệt cảnh dầu mỡ bắn tung tóe, tôi đã tìm ra 'chân ái' cho hội lười nấu nướng mà vẫn muốn ăn ngon.\"\n  ],\n  \"shortVersion\": \"Dẹp ngay mấy cái nồi bé tẹo phải chặt nhỏ thịt ra đi các bác ơi! 🍗 Với Magic Eco AC-162, dung tích 8L cân đẹp nguyên con gà mà không cần lật trở. 12 chế độ tự động, chỉ cần ấn nút rồi đi xem phim, lát sau có ngay món ngon giòn rụm, tốt cho sức khỏe. Bảo hành 12 tháng chính hãng yên tâm dùng. Chốt ngay deal hời tại đây: https://shopee.vn/magi****tore/28975271683 \\n\\n#MagicEco #NoiChienKhongDau #GiaDungThongMinh #BepDep #DealHoi #HealthyEating\",\n  \"longVersion\": \"Mỗi lần vào bếp là một cuộc chiến với dầu mỡ? 😫\\n\\nNào là mỡ bắn khắp người, lau dọn bếp núc mệt phờ râu, rồi đồ chiên thì ngập dầu gây ngấy, hại sức khỏe. Chưa kể mấy cái nồi chiên cũ dung tích nhỏ, muốn chiên con gà phải chặt khúc ra nhìn mất cả thẩm mỹ.\\n\\nTất cả đã có giải pháp với Siêu phẩm Magic Eco AC-162! ✨\\n\\n✅ DUNG TÍCH 'KHỦNG' 8L: Chiên nguyên con gà, vịt hay tảng sườn lớn mà không cần lật trở. Nhà đông người hay có tiệc tùng thì đúng là 'cứu tinh' thực thụ.\\n✅ 12 CHẾ ĐỘ TỰ ĐỘNG: Từ làm bánh, khoai tây chiên đến bít tết... chỉ cần 1 chạm là xong. Không cần đứng canh, không sợ cháy khét.\\n✅ CÔNG NGHỆ XOÁY NHIỆT 360 ĐỘ: Giúp thức ăn chín đều, giòn tan bên ngoài nhưng vẫn mọng nước bên trong, giảm đến 90% lượng mỡ thừa.\\n✅ BẢO HÀNH 12 THÁNG: Cam kết chính hãng, lỗi là đổi.\\n\\nĐừng để bếp núc trở thành gánh nặng. Nâng cấp cuộc sống, bảo vệ sức khỏe cả nhà ngay hôm nay! 👇\\n\\n🛒 Link Shopee Mall chính hãng cho mọi người: https://shopee.vn/magi****tore/28975271683\\n\\n#MagicEco #HealthyLifestyle #KitchenGadgets #NoiChienKhongDau8L #SaleShopee #MeYeuBep #CookingHacks #ReviewGiaDung\",\n  \"commentSeedings\": [\n    \"Trời ơi nồi này to thật sự, tui chiên con gà hơn 2kg vẫn lọt thỏm luôn. Link cho ai cần nhé: https://shopee.vn/magi****tore/28975271683\",\n    \"Dùng em này xong là bỏ hẳn cái nồi cũ ở nhà. 12 chế độ tiện cực kỳ, lười như tui cũng thành đầu bếp. Mua ở đây chuẩn mall nè: https://shopee.vn/magi****tore/28975271683\",\n    \"Giao hàng nhanh, đóng gói siêu kỹ. Nhà mình 5 người dùng dung tích 8L này là vừa xinh, không phải chia làm 2 mẻ như trước: https://shopee.vn/magi****tore/28975271683\",\n    \"Cái chế độ tự động dùng thích lắm các bác, set xong đi làm việc khác quay lại là có ăn. Đáng đồng tiền bát gạo: https://shopee.vn/magi****tore/28975271683\"\n  ]\n}",
              "thoughtSignature": "EpIeCo8eAQw51scyt/NrbY****EnLs+28ux****PkFG+SBGb****g4Sp/CDUCdXSb+Etgy+Qka0****gZ4k/OU5C****fLXG+11Z9****Q8GJ/BPK9****1OXH+SCFERscvL95ruV+fNlM****lpgi/VUDcNVUtIT0KUu1e+cJNt****EI2I/H7Ms5UUgBRcHNxV/fzd4MEz0R3gbmVau/dqBj****NhKu/Fdrd****sjQs/IrtL7j6Z3v+UyNqweRLsgO/gZJ5****9CUz+EGm0****6090+NQoipk9cVwXXxBvZ+MU29****qM38/qAGA****wOuj/v6LK****I9tZ+bNzXWQndE+N9JK****P30A/m9ZO****Cn8E+VGG9****OV1c/nFF/fTWM****JI28+rY+x+Rjnz****Ql6g/Cp6i****gnrV+3utrWjFjS/T636****1wpU+zbpwH1WmOl09Ju+cqiYdZaoASm7W/E9q6****ijoE/N698****NgLe+Ekih****GIfA+jdT2****hBZF/LAcKIMkQrpQ8q/u9G2****XCuK/nz1Y****6AkK/jrlr/OzmZ****RWsT+j+XaFdN/1w0ABNeqfB+LvB8****4q1W+JtM/3UoK****ME78/2rVMooUenspjNoQSe+cghj****Tr40+ugYauN2oqK+zOpVVL+4WrQ****Q3g7//tc+aMhW****StTE+TTIa****3hdh+5J5g5+YhsD****MXM9/rswp****PZoX/uSYy****c3l9/MNOguS1oWF+6lRs****mzOl/NEQS****cd5g/hqjL23YcY96w5z9idVO/UrLOTUbT7+Hkld****vaLZ/ph1GJ+vilP****k3nd+DX9TlYvB/xrSA****Cf8C/7jLQgnY9UMYkapH+Ep7c8ffUrGS92Zv/AOlk****VTHl+63t+K3vz****K6pa+zOjVdrIAIOq+iN9Q****LTet+hZqV****B4qN+iKTi2AvvUCdbk/dXPj****utfB+Minb****Q5TV+MMK6****gPKS++tb9rLhdRJsEGRqiM+5eWP3Kz2ZuN/9gxr****bbiY+pdFl****htAl+Y9zp****VYsX/fdjx****zTvC+0dce****4Awr/7/nIUe****klBJ+TRYz****zsHi+qmZT****1df9+1Y2GBQzNLP2kW/akyw****hT55/DyTGra+lMH3+lIasy/zrXZ****YaFI+fIdf****W3MN+UcO7****aSmw+IiE8****BqXq+dtpDoBsOer5WDN+zK3O****FBAl/CHty****jJ2C/cYdM****LvcD/4Vk7JaGcZvS+hFM0****DFCv/1Qy5****zlBe+5SlY****4w3F+T0mb****lPed+W2Zq****0Ytv/1vEd****alIF+scQm****jFKf/+c+Kte2****EbWG+/dJVB****3jC9/nFcA****Zwzs+HhnA7/WD3T****pQUh+NJmWqlWalDPUSymL+qzVa****InZ6/qyUy****zVPT+HAsp****pNxy+DROoWasU+e2j/YiArYzyogUVRFdB/dLP4Iyizfo3nZsR6/yUF3U7p7QqM9fCR6D/84ix****db9C/adz7dhKh43VYAl1hgh8/NNGY****0xNy/dzuNnSGE5UJXlozej+f5gA****vMj1/QetVxmoPqbfzVw+Sx8B****RZwZ/GLnu****D1rV/o/6v5V****gge9+dWz1z6Id+14ut****BQE2/+EztE****HP19+5q+6coroMhTk9/Sv4cY+NfHP"
            }
          ],
          "role": "model"
        },
        "finishReason": "STOP",
        "index": 0
      }
    ],
    "usageMetadata": {
      "promptTokenCount": "[REDACTED]",
      "candidatesTokenCount": "[REDACTED]",
      "totalTokenCount": "[REDACTED]",
      "promptTokensDetails": "[REDACTED]",
      "thoughtsTokenCount": "[REDACTED]"
    },
    "modelVersion": "gemi****view",
    "responseId": "NSLw****pwQU"
  }
}
--------------------------------------------------

[2026-04-28T03:12:08.901Z] [REQUEST]
{
  "attempt": 1,
  "model": "gemi****view",
  "payload": {
    "contents": [
      {
        "parts": [
          {
            "text": "[FB EXPERT] Master Affiliate & Social Media Copywriter VN.\nNhiệm vụ: Viết bài đăng Facebook chuyên gia cho sản phẩm \"Nồi chiên không dầu Magic Eco AC-162, dung tích 8L chiên nguyên con gà, 12 chế độ tự động, BH 12th\" để tối ưu tỉ lệ click và chốt đơn.\n\nCHIẾN THUẬT NỘI DUNG (MANDATORY):\n1. HOOK MẠNH: Dòng đầu tiên phải cực cháy.\n2. ĐÁNH VÀO NỖI ĐAU (PAIN POINTS).\n3. GIẢI PHÁP & LỢI ÍCH (NOT FEATURES).\n4. VĂN PHONG \"NGƯỜI THẬT\": Dùng từ ngữ đời thường, tránh robot.\n5. CẤU TRÚC DỄ ĐỌC.\n6. CTA THÔI THÚC: Kèm link affiliate https://shopee.vn/magi****tore/28975271683.\n7. HASHTAGS: 5-10 trending.\n8. KỊCH BẢN VIDEO (VIDEO SCRIPT): Soạn thêm 1 kịch bản quay Video Reels/TikTok siêu ngắn (15-30s) dùng để người dùng có thể tự quay hoặc ghép ảnh.\n9. COMMENT SEEDING: Tạo 3-5 bình luận ngắn kèm link affiliate https://shopee.vn/magi****tore/28975271683.\n\nOutput JSON schema:\n{\n  \"hooks\": [\"3 câu mở đầu gây tò mò nhất\"],\n  \"shortVersion\": \"Bản ngắn: Bao gồm nội dung + Hashtags\",\n  \"longVersion\": \"Bản dài: Bao gồm nội dung + Hashtags\",\n  \"videoScript\": \"Kịch bản quay Video Reels/TikTok (Cảnh 1: ... Lời thoại: ...)\",\n  \"commentSeedings\": [\"Bình luận 1 kèm link\", \"Bình luận 2...\", \"Bình luận 3...\"]\n}\nReturn ONLY JSON."
          }
        ]
      }
    ],
    "generationConfig": {
      "responseMimeType": "application/json"
    }
  }
}
--------------------------------------------------

[2026-04-28T03:12:21.152Z] [RESPONSE]
{
  "status": 200,
  "data": {
    "candidates": [
      {
        "content": {
          "parts": [
            {
              "text": "{\n  \"hooks\": [\n    \"Dẹp ngay cái chảo dầu lênh láng đi, đây mới là 'chân ái' cho team yêu bếp mà sợ béo!\",\n    \"Bất ngờ chưa: Cả con gà 2kg nằm gọn hơ trong 1 nốt nhạc với siêu phẩm Magic Eco này!\",\n    \"Tốn tiền triệu mua nồi nhỏ về rồi lại hối hận, sao không chốt luôn em nồi 8L 'khủng' này ngay từ đầu?\"\n  ],\n  \"shortVersion\": \"Gà quay nguyên con vàng rộm, khoai tây chiên giòn rụm mà KHÔNG CẦN DẦU? 🍗 Chỉ có thể là Magic Eco AC-162 thôi chị em ơi! \\n\\n✅ Dung tích 8L cực đại, nướng cả con gà không cần chặt.\\n✅ 12 chế độ nấu sẵn: Từ làm bánh, rã đông đến quay thịt chỉ 1 nút bấm.\\n✅ Giảm 80% mỡ thừa, ăn ngon mà vẫn giữ dáng.\\n\\nSăn ngay tại đây để nhận bảo hành 12 tháng chính hãng nhé: https://shopee.vn/magi****tore/28975271683\\n\\n#MagicEco #NoiChienKhongDau #GiaDungThongMinh #ReviewGiaDung #HealthyEating\",\n  \"longVersion\": \"❌ Nỗi ám ảnh mỗi lần chiên cá, rán thịt: Dầu bắn tung tóe, lau dọn mệt nghỉ, mà ăn vào lại lo tăng cân, hại sức khỏe. \\n\\n💡 Giải pháp 'vàng' cho căn bếp hiện đại đã xuất hiện: Nồi chiên không dầu Magic Eco AC-162 (8L) - Cân đẹp mọi món ngon mà cực nhàn thân!\\n\\nTại sao chị em nhất định phải có em này?\\n👉 DUNG TÍCH KHỦNG 8L: Nhà đông người hay có tiệc tùng là bao phê. Chiên nguyên con gà, miếng sườn tảng vẫn thoải mái không cần lật trở nhiều lần.\\n👉 12 CHẾ ĐỘ THÔNG MINH: Không cần giỏi nấu ăn, chỉ cần chọn chế độ (Gà, Cá, Khoai, Bánh...) nồi tự căn chỉnh nhiệt độ và thời gian chuẩn chỉnh.\\n👉 CÔNG NGHỆ RAPID AIR: Giúp món ăn chín đều, bên ngoài giòn tan, bên trong mọng nước. Đặc biệt là giảm đến 80% dầu mỡ dư thừa.\\n👉 VỆ SINH TRONG 30 GIÂY: Lòng nồi chống dính xịn xò, tháo rời cực dễ, rửa nhoáy cái là xong.\\n\\n🎁 Bảo hành 12 tháng chính hãng, yên tâm dùng lâu dài. Đừng để bữa cơm là gánh nặng, sắm Magic Eco để thảnh thơi tận hưởng cuộc sống thôi!\\n\\n👇 Chốt đơn ngay tại Shop Mall chính hãng:\\nhttps://shopee.vn/magi****tore/28975271683\\n\\n#MagicEco #NoiChienKhongDau #Revi****gDau #AC162 #MeBimSua #NhaDep #GiaDungChinhHang #SaleShopee\",\n  \"videoScript\": \"Kịch bản 20s: (Cảnh 1: Quay cận cảnh dầu bắn khi chiên bằng chảo thường - Lời thoại: 'Quá mệt mỏi vì dầu mỡ?') -> (Cảnh 2: Biến hình sang Nồi chiên Magic Eco AC-162 cực sang - Lời thoại: 'Có Magic Eco 8L, mọi chuyện khác hẳn!') -> (Cảnh 3: Quay cảnh cho nguyên con gà vào nồi, nhấn nút 12 chế độ - Lời thoại: 'Dung tích cực lớn, 12 chế độ tự động cực nhàn') -> (Cảnh 4: Quay kết quả con gà vàng ươm, xé ra khói nghi ngút - Lời thoại: 'Giòn rụm, mọng nước, không lo béo. Click giỏ hàng ngay!')\",\n  \"commentSeedings\": [\n    \"Nồi này mình mới mua xong, chiên khoai cực giòn mà không bị khô tí nào. Link cho ai cần nha: https://shopee.vn/magi****tore/28975271683\",\n    \"Giao hàng nhanh, đóng gói kỹ. Lòng nồi 8L to thật sự, nướng gà nguyên con thoải mái lắm chị em: https://shopee.vn/magi****tore/28975271683\",\n    \"Thích nhất là cái bảng điều khiển cảm ứng, dễ dùng cực kỳ. Đáng đồng tiền bát gạo! Mua ở đây nè: https://shopee.vn/magi****tore/28975271683\",\n    \"Nhà mình 5 người dùng em 8L này mới đủ, trước dùng cái 5L hơi chật. Magic Eco thì bền khỏi bàn rồi: https://shopee.vn/magi****tore/28975271683\"\n  ]\n}\n}",
              "thoughtSignature": "EqQPCqEPAQw51sdsA+D9q8****vZat/KBG1****VlIa+qES0****a2DZ+4RKAOF+3R8r****47vj+j4OMvo3+nk7OKn/Ian/L1S1UT439F+kd7M****VSsY+v5Ni****Rgzc/1N6MpYkNJ+wZPk****7thL/6lxyG6CLxiOpS/A+/qjuy****eUWT/dN+yKi1****Fuy2/0VSd****WoIQ/cN0N****L2sT+hbFc****dTZS/iK5k****z4xU+kBX7Gvv8gT3fBuQBNf/ZNmDQifhvvvOb/2VgKP2/4J0w****ByVK/+IN3y****MhDV/BC7n****PXWR+lCQ2****MgmZ/Rra/ZQZq****SZxf+I20N****foT0+iwYB****kV1S/w3TZ/BWhe****Iupr+xa0/ohAak1bzBD251+wcFRDTP/nGrW****9AQg+HsrL****0x0R/3a2PmXLMIWfm/CKHr/NgnX7p4+D0+DG3G****kbsr/K6zfPddesUW7de7h+/DIQj****N09Q//2ddp/6sBV****8kjX/r8rex3j/isQQXiZGI+JDvQ****ahia/H3oZ****WWlq/P8dC****4JRX+InzKmBofYOPxIOVP/mCK5****T5r7/9aQo****ikWm/3/Ja1z****zSok/Oq+ibaq****NWXp/4NpUcxFrZRn7F+PpqcoMVOTd+YK6jQJuI+X0Gv****HzbC+jhQH****9FJF+v5p3****L3OU+MgS1****hHUH/vtcu****IYNP+RdH9****RtOF/pX6e****zjSw+hNrVpTHNc56ftTmv+ad16****PpV5/gDnkZp3I+sF0R****rTLe/BHeKHIzNSfuYzw+OVBO****Qwmr++a4P2jSYZCvlRf+zfgY****Fqwo"
            }
          ],
          "role": "model"
        },
        "finishReason": "STOP",
        "index": 0
      }
    ],
    "usageMetadata": {
      "promptTokenCount": "[REDACTED]",
      "candidatesTokenCount": "[REDACTED]",
      "totalTokenCount": "[REDACTED]",
      "promptTokensDetails": "[REDACTED]",
      "thoughtsTokenCount": "[REDACTED]"
    },
    "modelVersion": "gemi****view",
    "responseId": "WSXw****aoAo"
  }
}
--------------------------------------------------

[2026-04-28T03:15:48.305Z] [REQUEST]
{
  "attempt": 1,
  "model": "gemi****view",
  "payload": {
    "contents": [
      {
        "parts": [
          {
            "text": "[FB EXPERT] Master Affiliate & Social Media Copywriter VN.\nNhiệm vụ: Viết bài đăng Facebook chuyên gia cho sản phẩm \"Nồi chiên không dầu Magic Eco AC-162, dung tích 8L chiên nguyên con gà, 12 chế độ tự động, BH 12th\" để tối ưu tỉ lệ click và chốt đơn.\n\nCHIẾN THUẬT NỘI DUNG (MANDATORY):\n1. HOOK MẠNH: Dòng đầu tiên phải cực cháy.\n2. ĐÁNH VÀO NỖI ĐAU (PAIN POINTS).\n3. GIẢI PHÁP & LỢI ÍCH (NOT FEATURES).\n4. VĂN PHONG \"NGƯỜI THẬT\": Dùng từ ngữ đời thường, tránh robot.\n5. CẤU TRÚC DỄ ĐỌC.\n6. CTA THÔI THÚC: Kèm link affiliate https://shopee.vn/magi****tore/28975271683.\n7. HASHTAGS: 5-10 trending.\n8. KỊCH BẢN VIDEO (VIDEO SCRIPT): Soạn thêm 1 kịch bản quay Video Reels/TikTok siêu ngắn (15-30s) dùng để người dùng có thể tự quay hoặc ghép ảnh.\n9. COMMENT SEEDING: Tạo 3-5 bình luận ngắn kèm link affiliate https://shopee.vn/magi****tore/28975271683.\n\nOutput JSON schema:\n{\n  \"hooks\": [\"3 câu mở đầu gây tò mò nhất\"],\n  \"shortVersion\": \"Bản ngắn: Bao gồm nội dung + Hashtags\",\n  \"longVersion\": \"Bản dài: Bao gồm nội dung + Hashtags\",\n  \"videoScript\": \"Kịch bản quay Video Reels/TikTok (Cảnh 1: ... Lời thoại: ...)\",\n  \"commentSeedings\": [\"Bình luận 1 kèm link\", \"Bình luận 2...\", \"Bình luận 3...\"]\n}\nReturn ONLY JSON."
          }
        ]
      }
    ],
    "generationConfig": {
      "responseMimeType": "application/json"
    }
  }
}
--------------------------------------------------

[2026-04-28T03:16:00.315Z] [RESPONSE]
{
  "status": 200,
  "data": {
    "candidates": [
      {
        "content": {
          "parts": [
            {
              "text": "{\n  \"hooks\": [\n    \"Dừng ngay việc chặt nhỏ gà nếu bạn không muốn làm hỏng bữa tối!\",\n    \"Bí kíp để chồng khen cơm ngon như nhà hàng mà vợ chẳng cần đứng bếp.\",\n    \"Hối hận vì không rinh em nồi chiên Magic Eco 8L này về sớm hơn!\"\n  ],\n  \"shortVersion\": \"Gà quay nguyên con vàng rộm, da giòn sần sật mà không tốn một giọt dầu? Chuyện nhỏ với Magic Eco AC-162! 🍗\\n\\n- Dung tích 8L cực đại: Chiên gà nguyên con 2-3kg thoải mái, không cần chặt nhỏ mất ngon.\\n- 12 chế độ tự động: Chỉ cần một chạm, máy tự lo từ A-Z cho dân không biết nấu ăn.\\n- Giảm 90% mỡ thừa: Ăn ngon mà không sợ béo, bảo vệ sức khỏe cả nhà.\\n- Bảo hành 12 tháng chính hãng cực uy tín.\\n\\n👉 Chốt đơn ngay nhận ưu đãi tại đây: https://shopee.vn/magi****tore/28975271683\\n\\n#MagicEco #NoiChienKhongDau #CookingTips #GiaDungThongMinh #NoiChien8L #Healthylifestyle\",\n  \"longVersion\": \"Nỗi ám ảnh mang tên 'Chiên cá, rán gà' đã kết thúc rồi chị em ơi! ❌\\n\\nTrước đây mỗi lần rán gà là dầu bắn tung tóe, lau dọn mệt nghỉ, chưa kể ăn nhiều dầu mỡ lại lo tăng cân, hại sức khỏe. Nhưng từ khi có em Magic Eco AC-162 (8L) này, cuộc đời sang trang hẳn:\\n\\n✨ KHÔNG CẦN CHẶT NHỎ: Với lòng nồi siêu rộng 8L, mình thả nguyên con gà vào nướng vàng đều từ trong ra ngoài. Nhìn con gà nguyên vẹn bày ra đĩa sang chảnh như đi tiệc.\\n✨ NẤU ĂN 'MÙ CHỮ' CŨNG LÀM ĐƯỢC: Có sẵn 12 chế độ nấu tự động. Cá, thịt, khoai tây, bánh... chỉ cần bấm nút là xong. Khỏi cần canh thời gian, khỏi sợ cháy khét.\\n✨ GIÒN NGOÀI MỀM TRONG: Công nghệ xoáy nhiệt giúp thực phẩm chín đều, giữ trọn nước ngọt bên trong mà lớp vỏ vẫn giòn tan.\\n✨ VỆ SINH PHÚT MỐT: Lớp chống dính xịn xò, rửa cực nhanh, không lo bám dính.\\n\\nĐặc biệt, máy bảo hành 12 tháng nên dùng cực kỳ yên tâm. Chị em nhanh tay sở hữu để nâng tầm bếp núc nhé!\\n\\n🛒 Mua tại Official Store để đảm bảo chính hãng: https://shopee.vn/magi****tore/28975271683\\n\\n#MagicEco #NoiChienKhongDau #AC162 #ReviewGiaDung #BepXinh #GiamCanHealthy #ShopeeSale #NhaDep\",\n  \"videoScript\": \"Kịch bản 20s: \\n- Cảnh 1 (0-3s): Quay cận cảnh đĩa gà quay nguyên con màu vàng nâu óng ả. Lời thoại: 'Bạn tin được đây là gà làm bằng nồi chiên không dầu không?'\\n- Cảnh 2 (3-8s): Quay cảnh tay người mở lòng nồi Magic Eco AC-162 rộng mênh mông, đặt cả con gà vào. Lời thoại: 'Dung tích 8L, thả nguyên con không cần chặt!'\\n- Cảnh 3 (8-13s): Quay cảnh ngón tay nhấn nút trên bảng điện tử 12 chế độ. Lời thoại: 'Chọn chế độ, đợi 20 phút, thế là xong!'\\n- Cảnh 4 (13-20s): Cảnh xé miếng thịt gà khói nghi ngút, mọng nước. Lời thoại: 'Sắm ngay tại link bên dưới để ăn ngon mà không lo béo nhé!'\",\n  \"commentSeedings\": [\n    \"Nồi này dùng sướng thật sự, nướng gà vàng ươm luôn cả nhà ơi: https://shopee.vn/magi****tore/28975271683\",\n    \"Giao hàng nhanh, đóng gói kỹ. Nhà mình 5 người dùng bản 8L này là vừa xinh.\",\n    \"Lúc đầu lăn tăn mà mua về dùng ưng quá, 12 chế độ tiện vãi, mình toàn làm khoai tây chiên bằng nồi này.\",\n    \"Link chính hãng cho bác nào cần nhé, săn sale Shopee giá hời lắm: https://shopee.vn/magi****tore/28975271683\",\n    \"Chế độ bảo hành 12 tháng nên yên tâm hẳn, nồi Magic Eco thì quá nổi tiếng rồi.\"\n  ]\n}",
              "thoughtSignature": "EpsQ****FJHz/xXRRhH9Srm/Uyt5q0IJe3Y+8WfR9BgIHhFFMiAs+hYOa****P8sT/cWKN****R4Vd+byyx6SmJd+5y8N****rGCU/veQu****wkof/OCV1****u5Mb/vhA+pGyj52QZRcUZoS1y8a/sMkm****vgxD/Ru/QAXwSqSiGNSRGUHE/cEv2****f7Or+dLST****0qd3/E1j48MPKnXEU+jOp5W+cUT/9aQB****fIEx/Kmh6****ypFh+cLjW****cQYZ+NGDBT7un6etPBS/92ZX****wxQ9+FMqh****K4ew/OMCQ****zBZG+biTv****nBsh/wVC+jGIP****NolZ+mEfz****QbEr+rfz5****QA51+ec9r****uamo/mcus****0Rh2/d5rg9Gf12zrP+2B/Npg6Nec7UdS+/xPZ8sKyV1MJD/rIB3****sKiQ/19ftX0U2cHrNAkNlNir/HgCz+7iyz****ew2y/0mCB****EEvB+5s0Y****WLO7+knISu5Qa+bphF****1nUU+KdPvea+RZ7X****SKKL+PqSVu+M0Vd****cgPb+xUGQ****U0JY+ybNP+l2A5****yBcD/rahM****qsuz/gxfR****xNoe/BjZze41aI4x/XqUIC26Ci7oaj+bMhJ****JjEJ+znQG****ezC4+ouyZ****lUoa+kIDxHLBU78Roke+lyHF****81Sl/EfJ1****gxke+Ffiy****EfsC+fMp6/LiQD****AKh0+doEU****yjN6+DIVo****bmte/IthB****VuPv/760w****JFuN+q3gfsZl8a8gOQt9B/SXjL****94mE+QjDiwZqTiKRnmUJTClb/baBeix/pFXMu1ukJrBw+LeEk****rzrq/YZlt****L1Yp//De1T5Eg7qIPEWU/Kicqw/UA="
            }
          ],
          "role": "model"
        },
        "finishReason": "STOP",
        "index": 0
      }
    ],
    "usageMetadata": {
      "promptTokenCount": "[REDACTED]",
      "candidatesTokenCount": "[REDACTED]",
      "totalTokenCount": "[REDACTED]",
      "promptTokensDetails": "[REDACTED]",
      "thoughtsTokenCount": "[REDACTED]"
    },
    "modelVersion": "gemi****view",
    "responseId": "NCbw****zyQU"
  }
}
--------------------------------------------------

[2026-04-28T03:27:31.920Z] [REQUEST]
{
  "attempt": 1,
  "model": "gemi****view",
  "payload": {
    "contents": [
      {
        "parts": [
          {
            "text": "[FB EXPERT] Master Affiliate & Social Media Copywriter VN.\nNhiệm vụ: Viết bài đăng Facebook chuyên gia cho sản phẩm \"Nồi chiên không dầu Magic Eco AC-162, dung tích 8L chiên nguyên con gà, 12 chế độ tự động, BH 12th\" để tối ưu tỉ lệ click và chốt đơn.\n\nCHIẾN THUẬT NỘI DUNG (MANDATORY):\n1. HOOK MẠNH: Dòng đầu tiên phải cực cháy.\n2. ĐÁNH VÀO NỖI ĐAU (PAIN POINTS).\n3. GIẢI PHÁP & LỢI ÍCH (NOT FEATURES).\n4. VĂN PHONG \"NGƯỜI THẬT\": Dùng từ ngữ đời thường, tránh robot.\n5. CẤU TRÚC DỄ ĐỌC.\n6. CTA THÔI THÚC: Kèm link affiliate https://shopee.vn/magi****tore/28975271683.\n7. HASHTAGS: 5-10 trending.\n8. PROMPT TẠO ẢNH (IMAGE PROMPT): Cung cấp 1 câu lệnh tiếng Anh cực kỳ chi tiết để tạo ảnh dọc (9:16) dùng cho Midjourney/Imagen. Cấu trúc chuẩn: [Chủ đề/Nhân vật chi tiết] + [Hành động] + [Bối cảnh xung quanh] + [Ánh sáng/Phong cách điện ảnh] + --ar 9:16. (Ví dụ: \"A photorealistic portrait of an elegant Vietnamese woman wearing an apron, using the product in a modern, bright kitchen, smiling, cinematic lighting, 8k, --ar 9:16\")\n9. PROMPT TẠO VIDEO (GOOGLE LABS VEO/GEN-3): Cung cấp 1 câu lệnh tiếng Anh để tạo chuyển động từ bức ảnh trên. Cấu trúc chuẩn: [Chuyển động của camera/nhân vật] + [Môi trường/Ánh sáng/Hiệu ứng] + [Chất lượng]. (Ví dụ: \"A cinematic shot of a Vietnamese woman in an apron, smoothly stirring a pot, steam rising beautifully, natural lighting, smooth motion, photorealistic\")\n10. KỊCH BẢN VIDEO (VIDEO SCRIPT): Soạn kịch bản Video Reels cực kỳ chi tiết theo từng giây (tổng 15-30s). Phải chia rõ: [Thời gian cụ thể] - [Mô tả hình ảnh/chuyển động trên màn hình] - [Lời thoại/Voice-over].\n11. COMMENT SEEDING: Tạo 3-5 bình luận ngắn kèm link affiliate https://shopee.vn/magi****tore/28975271683.\n\nOutput JSON schema:\n{\n  \"hooks\": [\"3 câu mở đầu gây tò mò nhất\"],\n  \"shortVersion\": \"Bản ngắn: Bao gồm nội dung + Hashtags\",\n  \"longVersion\": \"Bản dài: Bao gồm nội dung + Hashtags\",\n  \"imagePrompt\": \"English prompt for Text-to-Image AI...\",\n  \"videoPrompt\": \"English prompt for Text-to-Video AI (e.g. Veo, Gen-3)...\",\n  \"videoScript\": \"Kịch bản quay Video Reels/TikTok bằng tiếng Việt (Cảnh 1: ... Lời thoại: ...)\",\n  \"commentSeedings\": [\"Bình luận 1 kèm link\", \"Bình luận 2...\", \"Bình luận 3...\"]\n}\nReturn ONLY JSON."
          }
        ]
      }
    ],
    "generationConfig": {
      "responseMimeType": "application/json"
    }
  }
}
--------------------------------------------------

[2026-04-28T03:27:45.476Z] [RESPONSE]
{
  "status": 200,
  "data": {
    "candidates": [
      {
        "content": {
          "parts": [
            {
              "text": "{\n  \"hooks\": [\n    \"Dẹp ngay mấy cái nồi chiên bé tẹo đi, đây mới là 'chân ái' cho team mê gà quay nguyên con!\",\n    \"Bí quyết ăn đồ chiên ngập họng mà vẫn giữ dáng, không lo mỡ máu cho cả nhà đây rồi.\",\n    \"Hết thời phải chặt nhỏ gà mới bỏ vừa nồi chiên, chiếc nồi 8L này 'cân' hết mọi loại thực phẩm.\"\n  ],\n  \"shortVersion\": \"Ăn ngon mà không sợ béo với Nồi chiên không dầu Magic Eco AC-162! 🍗\\n\\n- Dung tích 8L cực đại: Chiên nguyên con gà không cần chặt nhỏ.\\n- 12 chế độ tự động: Chỉ 1 nút bấm là có ngay món ngon như nhà hàng.\\n- Giảm 90% lượng dầu mỡ: Tốt cho sức khỏe, không lo ám mùi bếp núc.\\n- Bảo hành 12 tháng chính hãng.\\n\\n👉 Chốt đơn ngay tại đây: https://shopee.vn/magi****tore/28975271683\\n\\n#MagicEco #NoiChienKhongDau #HealthyEating #GiaDungThongMinh #ShopeeVideo #SaleKichSan\",\n  \"longVersion\": \"NỖI KHỔ CỦA CÁC MẸ NỘI TRỢ: Muốn ăn gà quay nhưng nồi chiên cũ quá bé, phải chặt nhỏ làm mất hết độ ngon? Hay mỗi lần chiên lại lo dầu mỡ bắn tung tóe, lau dọn mệt nghỉ? 😫\\n\\nĐừng lo, Magic Eco AC-162 chính là giải pháp 'cứu cánh' cho gian bếp nhà mình:\\n\\n✨ DUNG TÍCH KHỦNG 8L: Thoải mái chiên nguyên con gà, vịt hay tảng sườn lớn cho cả gia đình 5-6 người ăn mà không cần đợi chờ nhiều mẻ.\\n✨ 12 CHẾ ĐỘ NẤU TỰ ĐỘNG: Từ khoai tây chiên, tôm nướng đến làm bánh... Tất cả đã có sẵn công thức chuẩn, bạn chỉ cần bỏ đồ vào và bấm nút.\\n✨ CÔNG NGHỆ XOÁY NHIỆT RAPID AIR: Giúp thực phẩm chín vàng giòn bên ngoài, mọng nước bên trong mà không cần dùng đến dầu mỡ. Ăn ngon mà vẫn bảo vệ tim mạch!\\n✨ THIẾT KẾ SANG TRỌNG: Vỏ ngoài cao cấp, dễ dàng vệ sinh chỉ trong 1 nốt nhạc.\\n\\n🎁 Bảo hành 12 tháng - Yên tâm sử dụng tuyệt đối.\\n\\n👇 Click ngay link bên dưới để nhận ưu đãi độc quyền hôm nay:\\n🔗 Link mua hàng: https://shopee.vn/magi****tore/28975271683\\n\\n#MagicEco #NoiChienKhongDau #ReviewGiaDung #AnNgonKhongLoBeo #DealHotShopee #CookingTips #VietnameseCuisine\",\n  \"imagePrompt\": \"A photorealistic vertical portrait of a modern Vietnamese woman in her 30s wearing a clean linen apron, standing in a bright minimalist kitchen. She is proudly holding a large air fryer basket containing a perfectly roasted, golden-brown whole chicken with steam rising. Beside her on the counter is the Magic Eco AC-162 air fryer. Cinematic soft natural lighting from a window, 8k resolution, highly detailed textures, vibrant colors, bokeh background --ar 9:16\",\n  \"videoPrompt\": \"A cinematic high-speed shot of a person sliding the drawer of the Magic Eco air fryer into the machine. Then a smooth transition to the drawer being pulled out, revealing a sizzling, crispy whole chicken inside with golden fat bubbling. Smoke and steam rising realistically. Close-up on the digital touch screen lighting up. Photorealistic, 4k, smooth motion, high frame rate.\",\n  \"videoScript\": \"[0-3s] - Cảnh cận: Con gà sống được tẩm ướp vàng ươm đặt vào khay nồi chiên. Lời thoại: \\\"Muốn ăn gà quay nguyên con mà nồi cũ quá chật?\\\"\\n[3-8s] - Cảnh quay nhanh: Tay nhấn nút trên màn hình cảm ứng của Magic Eco AC-162, các icon 12 chế độ hiện sáng. Lời thoại: \\\"Thử ngay Magic Eco 8L, chỉ một chạm là xong.\\\"\\n[8-15s] - Cảnh quay chậm (Slow-motion): Kéo khay nồi ra, con gà bên trong vàng ruộm, da giòn rụm, bốc khói nghi ngút. Lời thoại: \\\"Nhìn cái da giòn tan thế này, ai mà cưỡng nổi?\\\"\\n[15-25s] - Cảnh nhân vật nữ gắp một miếng gà, thịt bên trong trắng mọng nước. Lời thoại: \\\"Giảm 90% dầu mỡ, ăn thỏa thích không lo béo. Đỉnh thực sự!\\\"\\n[25-30s] - Cảnh màn hình hiển thị link Shopee và mã giảm giá. Lời thoại: \\\"Sắm ngay tại link bên dưới để nhận ưu đãi nhé!\\\"\",\n  \"commentSeedings\": [\n    \"Nồi này dùng sướng thật sự luôn, mình mới mua tuần trước nướng gà ngon xỉu. Link cho ai cần: https://shopee.vn/magi****tore/28975271683\",\n    \"Giao hàng nhanh, đóng gói kỹ. Nhà mình 5 người dùng size 8L này là chuẩn bài luôn á.\",\n    \"Bên này đang có mã giảm giá áp vào rẻ hơn hẳn shop khác luôn mọi người ơi: https://shopee.vn/magi****tore/28975271683\",\n    \"Có chế độ tự động nên mấy ông chồng cũng vào bếp được, tiện lợi lắm luôn.\",\n    \"Nồi đẹp, sang xịn mịn, đáng đồng tiền bát gạo nha chủ thớt!\"\n  ]\n}\n\n}\n}",
              "thoughtSignature": "EtcR****sx2D+yS8t****fIZz+0Fpa****ml5c+cZsZ****ZHvl+xvS0****9VUg/f25G****TvJd/0bRI****njt7/41F8****XZrY/CnqiGDr+bFLn84+7MPbbyy/QZVd****qCHY+L6+lHTv****j0PC+y/OD3K6t/LdKfsprjc+g60DzPhYAuDy/OPNS****Kw10+w5liOOv5wM8bx8/Zg3EXy0Ak71x/XW2M1qfnj5HUEeE8g/U/6ZDO****aAxB/a0nH****ia3j/q5DG2rzyp9CDxziLS+Bx0P****G1qd+m3H8nske/owFG****41Mm+YMU3tlND+Q776JP/PMMW****gfvZ/Kj2t1DIp8POoWF/Lwu41nrGt93/SYOv****f4ge+JKkTDwDJK2/hJZn****Ostw+428LIE9BZ/EtYVxi/WHiFRpfRW0/Rvhf****3CBL/4b2AGyMdP8QQm+Fc3S****k8Yg/umq+G/xSmDEnJnyBmxnfFcsY/xRZz7NmUqV+vryUxU3YG3F/nvqJ****xOop+UNvVHD+zEzk/cwzr****INGT+ILpI****FjkA+ngkl****ks7L/yKqor5KgmBF/1a1dF2/pxIot/FYvae5/UHM8rZijfEOPkj/ry4JkVQ/PMDs****3Blb/rLn3****HzRI+cEGM****ysFY/HgQB****429A+GdJ4****Cnot+O+b5rp****54Ql+HJ/rQk7etYKVR4P+VFmP****tvMJ/MZP+MhNJy/XBlR****Ha81+0hDf****Fd0v+y2MX****1SSj/PMVY****FoQB+MWIb****keiq/j28iiBj9oma6/2HOi****E5aU/5LFUlsFXj8z+k5TlkI+bv3j****oxjs+7+ExQPYdy+KajUK/wQSad+JLvO****5rE3+w0cBdTqwmJ9j4CO8wEw+Hd43****DODF+rf5KHcQvt5eZfo+K2k+yH6o3/ofAjcAd6jiTqt+gKPI****RAqO/AZCsazuA6durVT/WKwH****qpP3/TzO1****bjyu/+yiI9****tCvX+Fts2****Dqxg+LMmr****6HOg=="
            }
          ],
          "role": "model"
        },
        "finishReason": "STOP",
        "index": 0
      }
    ],
    "usageMetadata": {
      "promptTokenCount": "[REDACTED]",
      "candidatesTokenCount": "[REDACTED]",
      "totalTokenCount": "[REDACTED]",
      "promptTokensDetails": "[REDACTED]",
      "thoughtsTokenCount": "[REDACTED]"
    },
    "modelVersion": "gemi****view",
    "responseId": "9ijw****J8Qk"
  }
}
--------------------------------------------------

[2026-04-28T03:28:24.409Z] [REQUEST]
{
  "attempt": 1,
  "model": "gemi****view",
  "payload": {
    "contents": [
      {
        "parts": [
          {
            "text": "[FB EXPERT] Master Affiliate & Social Media Copywriter VN.\nNhiệm vụ: Viết bài đăng Facebook chuyên gia cho sản phẩm \"Nồi chiên không dầu Magic Eco AC-162, dung tích 8L chiên nguyên con gà, 12 chế độ tự động, BH 12th \" để tối ưu tỉ lệ click và chốt đơn.\n\nCHIẾN THUẬT NỘI DUNG (MANDATORY):\n1. HOOK MẠNH: Dòng đầu tiên phải cực cháy.\n2. ĐÁNH VÀO NỖI ĐAU (PAIN POINTS).\n3. GIẢI PHÁP & LỢI ÍCH (NOT FEATURES).\n4. VĂN PHONG \"NGƯỜI THẬT\": Dùng từ ngữ đời thường, tránh robot.\n5. CẤU TRÚC DỄ ĐỌC.\n6. CTA THÔI THÚC: Kèm link affiliate https://shopee.vn/magi****tore/28975271683  .\n7. HASHTAGS: 5-10 trending.\n8. PROMPT TẠO ẢNH (IMAGE PROMPT): Cung cấp 1 câu lệnh tiếng Anh cực kỳ chi tiết để tạo ảnh dọc (9:16) dùng cho Midjourney/Imagen. Cấu trúc chuẩn: [Chủ đề/Nhân vật chi tiết] + [Hành động] + [Bối cảnh xung quanh] + [Ánh sáng/Phong cách điện ảnh] + --ar 9:16. (Ví dụ: \"A photorealistic portrait of an elegant Vietnamese woman wearing an apron, using the product in a modern, bright kitchen, smiling, cinematic lighting, 8k, --ar 9:16\")\n9. PROMPT TẠO VIDEO (GOOGLE LABS VEO/GEN-3): Cung cấp 1 câu lệnh tiếng Anh để tạo chuyển động từ bức ảnh trên. Cấu trúc chuẩn: [Chuyển động của camera/nhân vật] + [Môi trường/Ánh sáng/Hiệu ứng] + [Chất lượng]. (Ví dụ: \"A cinematic shot of a Vietnamese woman in an apron, smoothly stirring a pot, steam rising beautifully, natural lighting, smooth motion, photorealistic\")\n10. KỊCH BẢN VIDEO (VIDEO SCRIPT): Soạn kịch bản Video Reels cực kỳ chi tiết theo từng giây (tổng 15-30s). Phải chia rõ: [Thời gian cụ thể] - [Mô tả hình ảnh/chuyển động trên màn hình] - [Lời thoại/Voice-over].\n11. COMMENT SEEDING: Tạo 3-5 bình luận ngắn kèm link affiliate https://shopee.vn/magi****tore/28975271683  .\n\nOutput JSON schema:\n{\n  \"hooks\": [\"3 câu mở đầu gây tò mò nhất\"],\n  \"shortVersion\": \"Bản ngắn: Bao gồm nội dung + Hashtags\",\n  \"longVersion\": \"Bản dài: Bao gồm nội dung + Hashtags\",\n  \"imagePrompt\": \"English prompt for Text-to-Image AI...\",\n  \"videoPrompt\": \"English prompt for Text-to-Video AI (e.g. Veo, Gen-3)...\",\n  \"videoScript\": \"Kịch bản quay Video Reels/TikTok bằng tiếng Việt (Cảnh 1: ... Lời thoại: ...)\",\n  \"commentSeedings\": [\"Bình luận 1 kèm link\", \"Bình luận 2...\", \"Bình luận 3...\"]\n}\nReturn ONLY JSON."
          }
        ]
      }
    ],
    "generationConfig": {
      "responseMimeType": "application/json"
    }
  }
}
--------------------------------------------------

[2026-04-28T03:28:43.099Z] [RESPONSE]
{
  "status": 200,
  "data": {
    "candidates": [
      {
        "content": {
          "parts": [
            {
              "text": "{\n  \"hooks\": [\n    \"Đừng mua nồi chiên không dầu nếu bạn chưa biết đến 'siêu phẩm' 8L này - Chiên cả con gà không cần lật!\",\n    \"Bỏ ngay cái chảo ngập dầu đi! Đây là cách mình ăn ngon mà vẫn giữ dáng, bếp lúc nào cũng sạch bóng.\",\n    \"Gà quay nguyên con giòn tan tại nhà chỉ với 1 nút bấm - Tin được không?\"\n  ],\n  \"shortVersion\": \"🔥 ĂN NGON KHÔNG SỢ BÉO VỚI MAGIC ECO AC-162! 🔥\\n\\nTạm biệt cảnh dầu bắn tung tóe, dọn dẹp mệt nghỉ. Với dung tích 8L cực đại, Magic Eco AC-162 giúp bạn nướng nguyên con gà vàng rụm, 12 chế độ tự động cân mọi món từ khoai tây chiên đến làm bánh. \\n✅ Bảo hành chính hãng 12 tháng.\\n✅ Dung tích lớn cho cả gia đình.\\n👉 Sắm ngay tại đây: https://shopee.vn/magi****tore/28975271683\\n#MagicEco #NoiChienKhongDau #CookingTips #Healthylifestyle #ShopeeSale\",\n  \"longVersion\": \"CHỈ CẦN 1 NÚT BẤM - CẢ THẾ GIỚI MÓN NGON TRONG TAY! 🍗✨\\n\\nCác bà nội trợ ơi, có ai ám ảnh cảnh đứng chiên cá, chiên thịt mà dầu bắn tung tóe, rồi mùi dầu ám đầy tóc tai quần áo không? Chưa kể ăn nhiều dầu mỡ lại lo cho sức khỏe cả nhà.\\n\\nEm tìm ra chân ái rồi đây: Nồi chiên không dầu Magic Eco AC-162! \\n\\nTại sao em nó lại hot đến vậy?\\n👉 DUNG TÍCH 8L CỰC KHỦNG: Không cần chặt nhỏ, bỏ nguyên con gà vào là xong. Tiệc tùng gia đình cân hết!\\n👉 12 CHẾ ĐỘ TỰ ĐỘNG: Chẳng cần khéo tay, chỉ cần chọn chế độ: Khoai tây, tôm, bánh, bít tết... nồi tự tính nhiệt và thời gian chuẩn chỉnh.\\n👉 CÔNG NGHỆ XOÁY NHIỆT: Giúp thức ăn chín đều, giòn rụm bên ngoài mà bên trong vẫn mọng nước, giảm đến 80% chất béo dư thừa.\\n👉 BẢO HÀNH 12 THÁNG: Yên tâm sử dụng, hàng chính hãng Magic Korea thì khỏi bàn về độ bền.\\n\\nCơm ngon, dáng đẹp, bếp lại sạch thì tội gì không chốt đơn ngay hôm nay? \\n\\n📍 Link ưu đãi chính hãng Shopee: https://shopee.vn/magi****tore/28975271683\\n\\n#MagicEco #NoiChienKhongDau #GiaDungThongMinh #ReviewGiaDung #HealthyFood #ComNha #MagicEcoAC162\",\n  \"imagePrompt\": \"A photorealistic vertical shot of a sleek, modern black Magic Eco AC-162 air fryer with digital display on a bright white marble kitchen counter. The basket is partially open, revealing a golden-brown, crispy whole roasted chicken garnished with rosemary. A modern Vietnamese woman in a stylish apron is standing next to it, smiling at the camera, holding a plate of fresh salad. Warm, cinematic natural lighting from a window, 8k resolution, professional food photography, --ar 9:16\",\n  \"videoPrompt\": \"Cinematic close-up shot of the Magic Eco air fryer basket sliding open to reveal a steaming, crispy golden whole chicken. The camera smoothly pans up to a happy Vietnamese woman giving a thumbs-up in a sun-drenched, modern kitchen. High-quality textures, steam rising realistically, smooth camera motion, photorealistic.\",\n  \"videoScript\": \"[0-5s]: Cận cảnh lớp da gà vàng rụm, tiếng giòn rắc rắc khi dùng dao chạm nhẹ. Lời thoại: 'Thèm gà quay mà sợ dầu mỡ? Quên điều đó đi!'\\n[5-12s]: Cảnh tay nhấn vào màn hình cảm ứng 12 chế độ của Magic Eco AC-162. Voice-over: 'Với 12 chế độ tự động, việc bếp núc chưa bao giờ nhàn đến thế.'\\n[12-22s]: Cảnh người nội trợ thong thả uống trà trong khi nồi đang chạy. Voice-over: 'Dung tích 8L, bỏ cả con gà vào là xong. Không dầu mỡ, không ám mùi, bảo hành tận 12 tháng.'\\n[22-30s]: Cảnh gia đình quây quần ăn món gà ngon lành. Voice-over: 'Magic Eco AC-162 - Bí quyết giữ lửa hạnh phúc. Link mình để ở phần mô tả nha!'\",\n  \"commentSeedings\": [\n    \"Nồi này dùng sướng thật sự, nướng gà nguyên con vàng đều mà không bị khô. Ưng quá! Mua ở đây nhé các mom: https://shopee.vn/magi****tore/28975271683\",\n    \"Dung tích 8L to vật vã luôn, nhà mình 5 người ăn thoải mái. Săn sale được giá tốt ở link này: https://shopee.vn/magi****tore/28975271683\",\n    \"12 chế độ tiện cực, sáng ra làm bánh mì hay chiên khoai cho con nhanh gọn lẹ. Recommend mn mua tại mall này cho yên tâm: https://shopee.vn/magi****tore/28975271683\",\n    \"Bảo hành 12 tháng nên mình rất yên tâm, giao hàng nhanh lắm. Link chính hãng nè: https://shopee.vn/magi****tore/28975271683\"\n  ]\n}",
              "thoughtSignature": "Eo0c****UH4C+CbjH****qK39+FgZU140Jm84TAtl+uCu4****YvU5/w7yY****Af1T+Y8hZ****EIgh/mA0RaHnmk6zgDl7/JpjtbFm7LZyPQzgUA3+UXLX****5bth/jYUatWY2ieWP5Irp+AWTH****npMj+6rRf****01KE+DjB3****ba8y+Q4g0UwKZiwwjNX/8l/M4EpR7T+Cprz****dEVX+zeto****WtQd/WUzydyPsye9DsQpcV1p/cnT/ckTnEA6t/MY4+8886BNU4Oc+7jrnu8f6EX+5uxw****xmcr+xiI5****m8Dd+lZLv****7cqF/NtVYbCw/im7p****CbLP/8v8y****6v4O/F9fg1zXfr3+V/oXLI****kmS2/Kjl8****8LMF+iCUJ****FmhX/2QpyB+h323****Bfwn+ixGR****ycwa++EB+tpxSrtewcFcglGdzJK+AQFT****EyZs+f/Qj2C****6N0p/JSr20+iKHDgS31xdCq0oRuQrz+8Jfw****nqsw/nlkd****AqSP+gNz9mcv+/yfrn/gh7g****k6n9/9bIKvf4+xV0m****Ju5H/YJYA****8v78/z0XoJp4Gj0hb6Vm/1XI5****4pkH/ma4Yl9hZ6THnH+pANC****BSat+U5Y5****LaV3/H7ce****PwEw/36Jo0nOBuW2S+/fBz5****QlHd/rS/punS****xymi/Pfc9****BnHr+qtXygGLePNBb2Y1+GYCyD4RcXpwBniQ58/wGdl****XbFG+XK33****Njta/gf6DLqfJr/nJG2****BKYc+JXAE****Pcz5+9WFvkJ/EGUl****TpnU+/dx3A****N3sE/5rpA****AdIQ+icmU****EQYm/k30z+1AAmgw7+lEKE6MD2CNbe+EN+QmgC****iPcG+PfOl****VjAm/JZ+Yl+TkYa****SxAf/2oBO****mXY9+lbLJ****z7uQ+Lq6uAig8PPpW+g5+2qsY****XYDx/NRPX4FRexCqsmWdKb7o+0y5Wzz0rgOg/xJoL****on3R/Cl3F****0iBK/izNlrYXFgtA/eUfH****e9Ry+y1HyTNd+r3iLL02mv6yMP9f+C/eddZ****B0w5/4Sh5****oRzI/KFFvv7TR/L/kAy/X2JR****vMIF+r1txP+L6Dz****LcTM/uVWc****Wt1M+uLz8I/ZRnS****wmV1/SVW4****Kjrm+MWaFaYiN9Nn3h/svIH****qCbS+ITgV****Z2Re/J/b6Fq****4LJR/bzDbh+S0my****aVMw/g26i8/KGmM1n72prlJh/Xqi2****RkfJ/OU2bhlUEiZc+5Yu/Y3GbLpDpx+sUUgKj+s1QW****X4iJ+9DdE****dVTi/I+LVx3tenq6SREoiQC5/qUH65BigSBkb2nSYYba+iY3/phW8****x1Pc/Sl70M//gm6F****b2Zx/Lua47jrpYhXa+ZjH6jyxYlRLGJ/m7JhxsPIJ5im+mnYaTy6K5IT4X78+gbGRp/WBWA****39mK+AxzFCmkEg1wR+IWh70CevVgzEVb+WJxQfY29CNhFW+1Xiq****ON2b+PwqvtffxvQi+K0n0+jGA1****tJqe+dcpRtQgWjB/y0aU****8amm/X8WKmDaWRj6YuxZ+uY4HKgVH0Iy+wAnm****Pxe5"
            }
          ],
          "role": "model"
        },
        "finishReason": "STOP",
        "index": 0
      }
    ],
    "usageMetadata": {
      "promptTokenCount": "[REDACTED]",
      "candidatesTokenCount": "[REDACTED]",
      "totalTokenCount": "[REDACTED]",
      "promptTokensDetails": "[REDACTED]",
      "thoughtsTokenCount": "[REDACTED]"
    },
    "modelVersion": "gemi****view",
    "responseId": "Lynw****-4Qk"
  }
}
--------------------------------------------------

[2026-04-28T03:35:36.289Z] [REQUEST]
{
  "attempt": 1,
  "model": "gemi****view",
  "payload": {
    "contents": [
      {
        "parts": [
          {
            "text": "[FB EXPERT] Master Affiliate & Social Media Copywriter VN.\nNhiệm vụ: Viết bài đăng Facebook chuyên gia cho sản phẩm \"Nồi chiên không dầu Magic Eco AC-162, dung tích 8L chiên nguyên con gà, 12 chế độ tự động, BH 12th \" để tối ưu tỉ lệ click và chốt đơn.\n\nCHIẾN THUẬT NỘI DUNG (MANDATORY):\n1. HOOK MẠNH: Dòng đầu tiên phải cực cháy.\n2. ĐÁNH VÀO NỖI ĐAU (PAIN POINTS).\n3. GIẢI PHÁP & LỢI ÍCH (NOT FEATURES).\n4. VĂN PHONG \"NGƯỜI THẬT\": Dùng từ ngữ đời thường, tránh robot.\n5. CẤU TRÚC DỄ ĐỌC.\n6. CTA THÔI THÚC: Kèm link affiliate https://shopee.vn/magi****tore/28975271683 .\n7. HASHTAGS: 5-10 trending.\n8. PROMPT TẠO ẢNH (IMAGE PROMPT): Cung cấp 1 câu lệnh tiếng Anh cực kỳ chi tiết để tạo ảnh dọc (9:16) dùng cho Midjourney/Imagen. Cấu trúc chuẩn: [Chủ đề/Nhân vật chi tiết] + [Hành động] + [Bối cảnh xung quanh] + [Ánh sáng/Phong cách điện ảnh] + --ar 9:16. (Ví dụ: \"A photorealistic portrait of an elegant Vietnamese woman wearing an apron, using the product in a modern, bright kitchen, smiling, cinematic lighting, 8k, --ar 9:16\")\n9. PROMPT TẠO VIDEO (GOOGLE LABS VEO/GEN-3): Cung cấp 1 câu lệnh tiếng Anh để tạo chuyển động từ bức ảnh trên. Cấu trúc chuẩn: [Chuyển động của camera/nhân vật] + [Môi trường/Ánh sáng/Hiệu ứng] + [Chất lượng]. (Ví dụ: \"A cinematic shot of a Vietnamese woman in an apron, smoothly stirring a pot, steam rising beautifully, natural lighting, smooth motion, photorealistic\")\n10. KỊCH BẢN VIDEO (VIDEO SCRIPT): Soạn kịch bản Video Reels cực kỳ chi tiết theo từng giây (tổng 15-30s). Phải chia rõ: [Thời gian cụ thể] - [Mô tả hình ảnh/chuyển động trên màn hình] - [Lời thoại/Voice-over].\n11. COMMENT SEEDING: Tạo 3-5 bình luận ngắn kèm link affiliate https://shopee.vn/magi****tore/28975271683 .\n\nOutput JSON schema:\n{\n  \"hooks\": [\"3 câu mở đầu gây tò mò nhất\"],\n  \"shortVersion\": \"Bản ngắn: Bao gồm nội dung + Hashtags\",\n  \"longVersion\": \"Bản dài: Bao gồm nội dung + Hashtags\",\n  \"imagePrompt\": \"English prompt for Text-to-Image AI...\",\n  \"videoPrompt\": \"English prompt for Text-to-Video AI (e.g. Veo, Gen-3)...\",\n  \"videoScript\": \"Kịch bản quay Video Reels/TikTok bằng tiếng Việt (Cảnh 1: ... Lời thoại: ...)\",\n  \"commentSeedings\": [\"Bình luận 1 kèm link\", \"Bình luận 2...\", \"Bình luận 3...\"]\n}\nReturn ONLY JSON."
          }
        ]
      }
    ],
    "generationConfig": {
      "responseMimeType": "application/json"
    }
  }
}
--------------------------------------------------

[2026-04-28T03:35:52.154Z] [RESPONSE]
{
  "status": 200,
  "data": {
    "candidates": [
      {
        "content": {
          "parts": [
            {
              "text": "{\n  \"hooks\": [\n    \"Vứt luôn cái chảo dính đầy mỡ đi, đây mới là 'chân ái' cho hội chị em lười mà vẫn muốn ăn ngon!\",\n    \"Bí kíp nướng gà nguyên con giòn tan mà không tốn một giọt dầu, tin được không?\",\n    \"Ai bảo nội trợ là khổ? Có 'siêu nhân' 8L này thì nấu cơm chỉ là chuyện nhỏ trong 1 nốt nhạc!\"\n  ],\n  \"shortVersion\": \"🔥 CỨU TINH CHO CĂN BẾP - NỒI CHIÊN MAGIC ECO AC-162 (8L) 🔥\\n\\nChị em mệt mỏi vì chiên cá, rán thịt dầu bắn tung tóe? Sắm ngay em Magic Eco này, dung tích 8L 'khủng' cân đẹp cả con gà 2kg. \\n✅ 12 chế độ tự động: Bấm nút là xong, không cần canh trở.\\n✅ Công nghệ Rapid Air: Giảm 80% dầu mỡ, ăn ngon không lo béo.\\n✅ Bảo hành 12 tháng chính hãng.\\n\\n👉 Chốt đơn ngay tại Shopee Mall: https://shopee.vn/magi****tore/28975271683\\n\\n#MagicEco #NoiChienKhongDau #GiaDungThongMinh #AnNgonKhongBeo #Lifestyle #SaleShopee\",\n  \"longVersion\": \"❌ ĐỪNG ĐỂ NỖI LO DẦU MỠ LÀM KHỔ BẢN THÂN NỮA! ❌\\n\\nCó bà nào giống tui không? Mỗi lần chiên cá hay nướng thịt là y như rằng: dầu bắn khắp bếp, người ngợm nồng nặc mùi, chưa kể ăn đồ chiên nhiều là cân nặng cứ 'biểu tình' liên tục. 😫\\n\\nNhưng từ khi có em Nồi chiên không dầu Magic Eco AC-162 (8L) này thì mọi thứ thay đổi hẳn. Phải review thật lòng cho chị em mình:\\n\\n✨ DUNG TÍCH 8L CỰC ĐẠI: Không cần chặt nhỏ gà, cứ để nguyên con vào nướng là da giòn rụm, thịt bên trong vẫn mọng nước. Đãi tiệc tại gia là chuẩn bài.\\n✨ 12 CHẾ ĐỘ NẤU TỰ ĐỘNG: Từ khoai tây chiên, làm bánh đến rã đông thịt... Chỉ cần bấm chọn, việc còn lại cứ để Magic Eco lo. Không sợ cháy khét, không cần đứng canh.\\n✨ SỨC KHỎE LÀ VÀNG: Loại bỏ đến 80% mỡ thừa, ăn gà rán, khoai tây chiên thả ga mà không lo béo hay mụn. \\n✨ VỆ SINH TRONG 30 GIÂY: Lòng nồi chống dính cao cấp, rửa cực nhanh, cực nhàn.\\n\\n🛡 Bảo hành 12 tháng, hàng Shopee Mall nên yên tâm 100% về chất lượng nha cả nhà!\\n\\n🛒 Link mua chính hãng đang có ưu đãi cực hời: https://shopee.vn/magi****tore/28975271683\\n\\n#MagicEco #NoiChienKhongDau #KitchenGadgets #ReviewGiaDung #HealthyLiving #CookingAtHome #AC162 #ShopeeVideo\",\n  \"imagePrompt\": \"A photorealistic shot of a modern, bright kitchen featuring a sleek black Magic Eco AC-162 air fryer on a marble countertop. Beside the fryer, a perfectly golden-brown crispy whole roasted chicken sits on a rustic wooden platter with rosemary sprigs. In the background, a beautiful Vietnamese woman in a stylish apron is smiling warmly, holding a plate of fresh salad. Soft natural sunlight pouring through a window, cinematic lighting, 8k resolution, high detail, sharp focus, --ar 9:16\",\n  \"videoPrompt\": \"Cinematic camera movement zooming in on the air fryer drawer being pulled open, revealing a steaming, crispy whole chicken with juices bubbling slightly. Transition to a Vietnamese woman happily giving a thumbs up. High frame rate, smooth motion, professional kitchen lighting, photorealistic, 4k.\",\n  \"videoScript\": \"00-03s: [Cảnh quay cận] Dầu mỡ bắn tung tóe trên chảo thường. Chữ hiện: 'Ám ảnh dầu mỡ?'.\\n03-08s: [Cảnh cắt nhanh] Tay mở ngăn kéo nồi chiên Magic Eco 8L, đặt nguyên con gà vào. Chữ hiện: 'Dung tích 8L cực khủng'.\\n08-15s: [Cận cảnh] Ngón tay chạm vào bảng điều khiển cảm ứng LED với 12 chế độ. Chữ hiện: '1 chạm - 12 chế độ nấu'.\\n15-22s: [Cảnh quay chậm] Kéo ngăn nồi ra, con gà vàng óng, hơi nước bốc lên nghi ngút. Voice-over: 'Da giòn tan, thịt mọng nước mà không cần dầu!'.\\n22-30s: [Cảnh nhân vật] Bạn nữ cười tươi thưởng thức miếng gà. Chữ hiện: 'Chốt ngay link ở Comment!'.\",\n  \"commentSeedings\": [\n    \"Dung tích 8L to lắm mọi người ơi, mình mới mua nướng gà nguyên con cực nhàn. Link cho ai cần: https://shopee.vn/magi****tore/28975271683\",\n    \"Giao hàng nhanh, đóng gói kỹ. Nồi đẹp xịn xò lắm nha chủ thớt. Link Shopee Mall chuẩn: https://shopee.vn/magi****tore/28975271683\",\n    \"Nhà có trẻ nhỏ thích ăn đồ chiên sắm em này là đúng bài, đỡ dầu mỡ hẳn. Đang sale rẻ quá: https://shopee.vn/magi****tore/28975271683\",\n    \"Hàng Magic Eco dùng bền, mình dùng đời cũ 3 năm chưa hỏng, mới đổi sang em 8L này vì quá đẹp. Mua ở đây nè: https://shopee.vn/magi****tore/28975271683\"\n  ]\n}",
              "thoughtSignature": "EpwbCpkbAQw51sfqS5N/TvW03zC5+oHBT8rfJcc1s+NXjV05yVl2/rekB+VVQP****k7CX+zDtY+dEml****wO5e+ATGFq8hwyvhmkkzIe/jPd48/HNzq****pxeM/lD0y****5miw+ijrDcpaz6gAEZj+xPBNHH+k5qb****V1d4+1+Bcg6****ehtF/dei1****LDUn+7s0yynJQpUw/CntE****xt09/OL8W****bZC2/g1J7e3M2rStSe7pQj+uju6****DrXQ/BHVkwILTbZC+Wk5m****icaR/DHYj9EFYM0/lpgdQD8yq/JEjh7fnCYPehE9/dXbS****l9uR/eSM0****uYFk/8JjWQ+FzfhO77j+e0EB****2eBM+fUAG****5gEI+7ZhP****AghT/dJcH****zl7V+9z3f****7OkT+K4iV****qViI/6v+zvUaTVUNmM/NF4u****4fOw+9aMYSX+6NCX0AxpqyRuuXkQyIJ/Cliq****KiwO/A6YX****NbYQ/LfKv/U/TPmm****7jlS++mDBq****714b++fg/AXkq****gJlF/DunIcWtmPCUx4li+oGpo****lQCS/EgOWWRx/P2B4****I78M/fofX****9pGL/d5WmFoOrIrjDj+afjQ20+F5zk****kajO/HSsl****k6jr/n59d0RM31n+qqd/It0Nj/SH/rrQSx+Mugny/uf2V+nMT17z/9FI4****1eq4+uQVT****AK5x/T5EX****8yXz/OXpf/KuRP****LLJ3/WJuQ****juQk/lOYhQIxGfWmg/ixPNQHmlkHd/OzR9****mNkS/ppmt****Muut+1P2DPqNC56rJf/fcyBsgNkLiAwk2COEXD/DGEU****LgQr+Ofht****lYwR+Go4G****u0wV+0iBN****TUE4/3zh3****v3GC+Nzkv2s+rUT3****Z3el+idrM****Boc5/XJxzOkndpS/DzHUd+JxLrgkG+zczi5Bqvubt33/UMwU****fdZJ+CImI****4xu8+gR7MG/mYzy****7ejN/0ALM****q8eY+QxG2****5wvX+EmFi4Bw6Debd39h+t4pV****v8Ln/iyEr****QhV3+oGFL****74V1+PT2I****dC8P+xyZp****IfHs+HwtUVMc/yeg1Ok2cNWweF/tD0+m6nL****F9mQ/R+RfJN****s36t+K6Oy****3ERK/7IFPHR23l+t6Lh****Mr16+pJB+0cxg52F/ifYm****FRoW+99h3****yssn/ijPlC/GXOJ****4fi6+l8BT****mB09/q2+OBZQAP/W03K****cufo+N7VA****Rdhq/2GW8Di2/WHfB****9oSb/RKUO42Bulfjs+C7p+tufdjOEv+lpg2u/g8GQ2/Tf4F****bHss+O6ys****fo79+cKSG****UErU+HifstpvAC90PcVszMw/P9CS****cb8o/ZR26****xRoT/B4IeSD0cg/oJ80****F6ac+e8e1Tf1jqVbcXlq0o/5dIohuqxIy+byeJYVV/xoLw****YFH6+4fB/dfjO****xdYL+/cL9N****llNk+F+R2XQeB00hu1awaF/ECV46k/1ztUysu/umPl****jSJ2/pDay****SsSe+Ng=="
            }
          ],
          "role": "model"
        },
        "finishReason": "STOP",
        "index": 0
      }
    ],
    "usageMetadata": {
      "promptTokenCount": "[REDACTED]",
      "candidatesTokenCount": "[REDACTED]",
      "totalTokenCount": "[REDACTED]",
      "promptTokensDetails": "[REDACTED]",
      "thoughtsTokenCount": "[REDACTED]"
    },
    "modelVersion": "gemi****view",
    "responseId": "3Crw****jiQc"
  }
}
--------------------------------------------------
